<?xml version="1.0" encoding="UTF-8"?>
<testsuite xmlns:xsi="http://www.w3.org/2001/XMLSchema-instance" xsi:noNamespaceSchemaLocation="https://maven.apache.org/surefire/maven-surefire-plugin/xsd/surefire-test-report-3.0.xsd" version="3.0" name="TestSuite" time="2.234" tests="16" errors="0" skipped="14" failures="2">
  <properties>
    <property name="sun.desktop" value="windows"/>
    <property name="awt.toolkit" value="sun.awt.windows.WToolkit"/>
    <property name="file.encoding.pkg" value="sun.io"/>
    <property name="java.specification.version" value="1.8"/>
    <property name="sun.cpu.isalist" value="amd64"/>
    <property name="sun.jnu.encoding" value="Cp1252"/>
    <property name="java.class.path" value="C:\seleniumproject\DemoHybridFramework\target\test-classes;C:\seleniumproject\DemoHybridFramework\target\classes;C:\Users\Piyush Saxena\.m2\repository\org\seleniumhq\selenium\selenium-java\3.141.59\selenium-java-3.141.59.jar;C:\Users\Piyush Saxena\.m2\repository\org\seleniumhq\selenium\selenium-api\3.141.59\selenium-api-3.141.59.jar;C:\Users\Piyush Saxena\.m2\repository\org\seleniumhq\selenium\selenium-chrome-driver\3.141.59\selenium-chrome-driver-3.141.59.jar;C:\Users\Piyush Saxena\.m2\repository\org\seleniumhq\selenium\selenium-edge-driver\3.141.59\selenium-edge-driver-3.141.59.jar;C:\Users\Piyush Saxena\.m2\repository\org\seleniumhq\selenium\selenium-firefox-driver\3.141.59\selenium-firefox-driver-3.141.59.jar;C:\Users\Piyush Saxena\.m2\repository\org\seleniumhq\selenium\selenium-ie-driver\3.141.59\selenium-ie-driver-3.141.59.jar;C:\Users\Piyush Saxena\.m2\repository\org\seleniumhq\selenium\selenium-opera-driver\3.141.59\selenium-opera-driver-3.141.59.jar;C:\Users\Piyush Saxena\.m2\repository\org\seleniumhq\selenium\selenium-remote-driver\3.141.59\selenium-remote-driver-3.141.59.jar;C:\Users\Piyush Saxena\.m2\repository\org\seleniumhq\selenium\selenium-safari-driver\3.141.59\selenium-safari-driver-3.141.59.jar;C:\Users\Piyush Saxena\.m2\repository\org\seleniumhq\selenium\selenium-support\3.141.59\selenium-support-3.141.59.jar;C:\Users\Piyush Saxena\.m2\repository\net\bytebuddy\byte-buddy\1.8.15\byte-buddy-1.8.15.jar;C:\Users\Piyush Saxena\.m2\repository\org\apache\commons\commons-exec\1.3\commons-exec-1.3.jar;C:\Users\Piyush Saxena\.m2\repository\com\google\guava\guava\25.0-jre\guava-25.0-jre.jar;C:\Users\Piyush Saxena\.m2\repository\com\google\code\findbugs\jsr305\1.3.9\jsr305-1.3.9.jar;C:\Users\Piyush Saxena\.m2\repository\org\checkerframework\checker-compat-qual\2.0.0\checker-compat-qual-2.0.0.jar;C:\Users\Piyush Saxena\.m2\repository\com\google\errorprone\error_prone_annotations\2.1.3\error_prone_annotations-2.1.3.jar;C:\Users\Piyush Saxena\.m2\repository\com\google\j2objc\j2objc-annotations\1.1\j2objc-annotations-1.1.jar;C:\Users\Piyush Saxena\.m2\repository\org\codehaus\mojo\animal-sniffer-annotations\1.14\animal-sniffer-annotations-1.14.jar;C:\Users\Piyush Saxena\.m2\repository\com\squareup\okhttp3\okhttp\3.11.0\okhttp-3.11.0.jar;C:\Users\Piyush Saxena\.m2\repository\com\squareup\okio\okio\1.14.0\okio-1.14.0.jar;C:\Users\Piyush Saxena\.m2\repository\org\apache\poi\poi\3.17\poi-3.17.jar;C:\Users\Piyush Saxena\.m2\repository\commons-codec\commons-codec\1.10\commons-codec-1.10.jar;C:\Users\Piyush Saxena\.m2\repository\org\apache\commons\commons-collections4\4.1\commons-collections4-4.1.jar;C:\Users\Piyush Saxena\.m2\repository\org\apache\poi\poi-ooxml\3.17\poi-ooxml-3.17.jar;C:\Users\Piyush Saxena\.m2\repository\org\apache\poi\poi-ooxml-schemas\3.17\poi-ooxml-schemas-3.17.jar;C:\Users\Piyush Saxena\.m2\repository\org\apache\xmlbeans\xmlbeans\2.6.0\xmlbeans-2.6.0.jar;C:\Users\Piyush Saxena\.m2\repository\stax\stax-api\1.0.1\stax-api-1.0.1.jar;C:\Users\Piyush Saxena\.m2\repository\com\github\virtuald\curvesapi\1.04\curvesapi-1.04.jar;C:\Users\Piyush Saxena\.m2\repository\com\google\code\sqlsheet\sqlsheet\6.7\sqlsheet-6.7.jar;C:\Users\Piyush Saxena\.m2\repository\com\github\jsqlparser\jsqlparser\1.0\jsqlparser-1.0.jar;C:\Users\Piyush Saxena\.m2\repository\log4j\log4j\1.2.17\log4j-1.2.17.jar;C:\Users\Piyush Saxena\.m2\repository\commons-io\commons-io\2.6\commons-io-2.6.jar;C:\Users\Piyush Saxena\.m2\repository\org\testng\testng\6.14.3\testng-6.14.3.jar;C:\Users\Piyush Saxena\.m2\repository\com\beust\jcommander\1.72\jcommander-1.72.jar;C:\Users\Piyush Saxena\.m2\repository\org\apache-extras\beanshell\bsh\2.0b6\bsh-2.0b6.jar;C:\Users\Piyush Saxena\.m2\repository\javax\mail\javax.mail-api\1.6.2\javax.mail-api-1.6.2.jar;"/>
    <property name="java.vm.vendor" value="Oracle Corporation"/>
    <property name="sun.arch.data.model" value="64"/>
    <property name="user.variant" value=""/>
    <property name="java.vendor.url" value="http://java.oracle.com/"/>
    <property name="user.timezone" value="Asia/Calcutta"/>
    <property name="java.vm.specification.version" value="1.8"/>
    <property name="os.name" value="Windows 8.1"/>
    <property name="user.country" value="IN"/>
    <property name="sun.java.launcher" value="SUN_STANDARD"/>
    <property name="sun.boot.library.path" value="C:\Program Files\Java\jdk1.8.0_251\jre\bin"/>
    <property name="sun.java.command" value="C:\Windows\Temp\surefire5244871470779385489\surefirebooter2055570759171155241.jar C:\Windows\Temp\surefire5244871470779385489 2020-05-12T14-31-11_191-jvmRun1 surefire5691460102838726601tmp surefire_06444055605611309878tmp"/>
    <property name="surefire.test.class.path" value="C:\seleniumproject\DemoHybridFramework\target\test-classes;C:\seleniumproject\DemoHybridFramework\target\classes;C:\Users\Piyush Saxena\.m2\repository\org\seleniumhq\selenium\selenium-java\3.141.59\selenium-java-3.141.59.jar;C:\Users\Piyush Saxena\.m2\repository\org\seleniumhq\selenium\selenium-api\3.141.59\selenium-api-3.141.59.jar;C:\Users\Piyush Saxena\.m2\repository\org\seleniumhq\selenium\selenium-chrome-driver\3.141.59\selenium-chrome-driver-3.141.59.jar;C:\Users\Piyush Saxena\.m2\repository\org\seleniumhq\selenium\selenium-edge-driver\3.141.59\selenium-edge-driver-3.141.59.jar;C:\Users\Piyush Saxena\.m2\repository\org\seleniumhq\selenium\selenium-firefox-driver\3.141.59\selenium-firefox-driver-3.141.59.jar;C:\Users\Piyush Saxena\.m2\repository\org\seleniumhq\selenium\selenium-ie-driver\3.141.59\selenium-ie-driver-3.141.59.jar;C:\Users\Piyush Saxena\.m2\repository\org\seleniumhq\selenium\selenium-opera-driver\3.141.59\selenium-opera-driver-3.141.59.jar;C:\Users\Piyush Saxena\.m2\repository\org\seleniumhq\selenium\selenium-remote-driver\3.141.59\selenium-remote-driver-3.141.59.jar;C:\Users\Piyush Saxena\.m2\repository\org\seleniumhq\selenium\selenium-safari-driver\3.141.59\selenium-safari-driver-3.141.59.jar;C:\Users\Piyush Saxena\.m2\repository\org\seleniumhq\selenium\selenium-support\3.141.59\selenium-support-3.141.59.jar;C:\Users\Piyush Saxena\.m2\repository\net\bytebuddy\byte-buddy\1.8.15\byte-buddy-1.8.15.jar;C:\Users\Piyush Saxena\.m2\repository\org\apache\commons\commons-exec\1.3\commons-exec-1.3.jar;C:\Users\Piyush Saxena\.m2\repository\com\google\guava\guava\25.0-jre\guava-25.0-jre.jar;C:\Users\Piyush Saxena\.m2\repository\com\google\code\findbugs\jsr305\1.3.9\jsr305-1.3.9.jar;C:\Users\Piyush Saxena\.m2\repository\org\checkerframework\checker-compat-qual\2.0.0\checker-compat-qual-2.0.0.jar;C:\Users\Piyush Saxena\.m2\repository\com\google\errorprone\error_prone_annotations\2.1.3\error_prone_annotations-2.1.3.jar;C:\Users\Piyush Saxena\.m2\repository\com\google\j2objc\j2objc-annotations\1.1\j2objc-annotations-1.1.jar;C:\Users\Piyush Saxena\.m2\repository\org\codehaus\mojo\animal-sniffer-annotations\1.14\animal-sniffer-annotations-1.14.jar;C:\Users\Piyush Saxena\.m2\repository\com\squareup\okhttp3\okhttp\3.11.0\okhttp-3.11.0.jar;C:\Users\Piyush Saxena\.m2\repository\com\squareup\okio\okio\1.14.0\okio-1.14.0.jar;C:\Users\Piyush Saxena\.m2\repository\org\apache\poi\poi\3.17\poi-3.17.jar;C:\Users\Piyush Saxena\.m2\repository\commons-codec\commons-codec\1.10\commons-codec-1.10.jar;C:\Users\Piyush Saxena\.m2\repository\org\apache\commons\commons-collections4\4.1\commons-collections4-4.1.jar;C:\Users\Piyush Saxena\.m2\repository\org\apache\poi\poi-ooxml\3.17\poi-ooxml-3.17.jar;C:\Users\Piyush Saxena\.m2\repository\org\apache\poi\poi-ooxml-schemas\3.17\poi-ooxml-schemas-3.17.jar;C:\Users\Piyush Saxena\.m2\repository\org\apache\xmlbeans\xmlbeans\2.6.0\xmlbeans-2.6.0.jar;C:\Users\Piyush Saxena\.m2\repository\stax\stax-api\1.0.1\stax-api-1.0.1.jar;C:\Users\Piyush Saxena\.m2\repository\com\github\virtuald\curvesapi\1.04\curvesapi-1.04.jar;C:\Users\Piyush Saxena\.m2\repository\com\google\code\sqlsheet\sqlsheet\6.7\sqlsheet-6.7.jar;C:\Users\Piyush Saxena\.m2\repository\com\github\jsqlparser\jsqlparser\1.0\jsqlparser-1.0.jar;C:\Users\Piyush Saxena\.m2\repository\log4j\log4j\1.2.17\log4j-1.2.17.jar;C:\Users\Piyush Saxena\.m2\repository\commons-io\commons-io\2.6\commons-io-2.6.jar;C:\Users\Piyush Saxena\.m2\repository\org\testng\testng\6.14.3\testng-6.14.3.jar;C:\Users\Piyush Saxena\.m2\repository\com\beust\jcommander\1.72\jcommander-1.72.jar;C:\Users\Piyush Saxena\.m2\repository\org\apache-extras\beanshell\bsh\2.0b6\bsh-2.0b6.jar;C:\Users\Piyush Saxena\.m2\repository\javax\mail\javax.mail-api\1.6.2\javax.mail-api-1.6.2.jar;"/>
    <property name="sun.cpu.endian" value="little"/>
    <property name="user.home" value="C:\Users\Piyush Saxena"/>
    <property name="user.language" value="en"/>
    <property name="java.specification.vendor" value="Oracle Corporation"/>
    <property name="java.home" value="C:\Program Files\Java\jdk1.8.0_251\jre"/>
    <property name="basedir" value="C:\seleniumproject\DemoHybridFramework"/>
    <property name="file.separator" value="\"/>
    <property name="line.separator" value="&#10;"/>
    <property name="java.vm.specification.vendor" value="Oracle Corporation"/>
    <property name="java.specification.name" value="Java Platform API Specification"/>
    <property name="java.awt.graphicsenv" value="sun.awt.Win32GraphicsEnvironment"/>
    <property name="surefire.real.class.path" value="C:\Windows\Temp\surefire5244871470779385489\surefirebooter2055570759171155241.jar"/>
    <property name="sun.boot.class.path" value="C:\Program Files\Java\jdk1.8.0_251\jre\lib\resources.jar;C:\Program Files\Java\jdk1.8.0_251\jre\lib\rt.jar;C:\Program Files\Java\jdk1.8.0_251\jre\lib\sunrsasign.jar;C:\Program Files\Java\jdk1.8.0_251\jre\lib\jsse.jar;C:\Program Files\Java\jdk1.8.0_251\jre\lib\jce.jar;C:\Program Files\Java\jdk1.8.0_251\jre\lib\charsets.jar;C:\Program Files\Java\jdk1.8.0_251\jre\lib\jfr.jar;C:\Program Files\Java\jdk1.8.0_251\jre\classes"/>
    <property name="user.script" value=""/>
    <property name="sun.management.compiler" value="HotSpot 64-Bit Tiered Compilers"/>
    <property name="java.runtime.version" value="1.8.0_251-b08"/>
    <property name="user.name" value="Piyush Saxena"/>
    <property name="path.separator" value=";"/>
    <property name="os.version" value="6.3"/>
    <property name="java.endorsed.dirs" value="C:\Program Files\Java\jdk1.8.0_251\jre\lib\endorsed"/>
    <property name="java.runtime.name" value="Java(TM) SE Runtime Environment"/>
    <property name="file.encoding" value="Cp1252"/>
    <property name="java.vm.name" value="Java HotSpot(TM) 64-Bit Server VM"/>
    <property name="localRepository" value="C:\Users\Piyush Saxena\.m2\repository"/>
    <property name="java.vendor.url.bug" value="http://bugreport.sun.com/bugreport/"/>
    <property name="java.io.tmpdir" value="C:\WINDOWS\TEMP\"/>
    <property name="java.version" value="1.8.0_251"/>
    <property name="user.dir" value="C:\seleniumproject\DemoHybridFramework"/>
    <property name="os.arch" value="amd64"/>
    <property name="java.vm.specification.name" value="Java Virtual Machine Specification"/>
    <property name="java.awt.printerjob" value="sun.awt.windows.WPrinterJob"/>
    <property name="sun.os.patch.level" value=""/>
    <property name="java.library.path" value="C:\Program Files\Java\jdk1.8.0_251\jre\bin;C:\WINDOWS\Sun\Java\bin;C:\WINDOWS\system32;C:\WINDOWS;C:\Program Files (x86)\Common Files\Oracle\Java\javapath;C:\Program Files (x86)\Intel\iCLS Client\;C:\Program Files\Intel\iCLS Client\;C:\WINDOWS\system32;C:\WINDOWS;C:\WINDOWS\System32\Wbem;C:\WINDOWS\System32\WindowsPowerShell\v1.0\;C:\Program Files (x86)\Intel\OpenCL SDK\2.0\bin\x86;C:\Program Files (x86)\Intel\OpenCL SDK\2.0\bin\x64;C:\Program Files\Intel\Intel(R) Management Engine Components\DAL;C:\Program Files\Intel\Intel(R) Management Engine Components\IPT;C:\Program Files (x86)\Intel\Intel(R) Management Engine Components\DAL;C:\Program Files (x86)\Intel\Intel(R) Management Engine Components\IPT;C:\Program Files\Java\jdk1.8.0_251\bin;C:\Program Files (x86)\Skype\Phone\;C:\Program Files\Git\cmd;C:\Program Files\nodejs\;C:\ProgramData\chocolatey\bin;C:\Program Files\Microsoft SQL Server\Client SDK\ODBC\130\Tools\Binn\;C:\Program Files (x86)\Microsoft SQL Server\140\Tools\Binn\;C:\Program Files\Microsoft SQL Server\140\Tools\Binn\;C:\Program Files\Microsoft SQL Server\140\DTS\Binn\;C:\Program Files (x86)\Microsoft SQL Server\150\DTS\Binn\;C:\Program Files\Java\jdk1.8.0_251\bin;C:\core\apache-ant-1.8.2-bin\apache-ant-1.8.2\bin;C:\core\apache-maven-3.5.3-bin\apache-maven-3.5.3\bin;C:\Users\Piyush Saxena\AppData\Roaming\npm;."/>
    <property name="java.vm.info" value="mixed mode"/>
    <property name="java.vendor" value="Oracle Corporation"/>
    <property name="java.vm.version" value="25.251-b08"/>
    <property name="SuiteXmlFile" value="testng.xml"/>
    <property name="https.protocols" value="TLSv1.2"/>
    <property name="java.ext.dirs" value="C:\Program Files\Java\jdk1.8.0_251\jre\lib\ext;C:\WINDOWS\Sun\Java\lib\ext"/>
    <property name="sun.io.unicode.encoding" value="UnicodeLittle"/>
    <property name="java.class.version" value="52.0"/>
  </properties>
  <testcase name="beforeTest" classname="testcases.LoginTestSeeker" time="1.058">
    <failure message="com/relevantcodes/extentreports/ExtentReports" type="java.lang.NoClassDefFoundError"><![CDATA[java.lang.NoClassDefFoundError: com/relevantcodes/extentreports/ExtentReports
Caused by: java.lang.ClassNotFoundException: com.relevantcodes.extentreports.ExtentReports
]]></failure>
  </testcase>
  <testcase name="test" classname="testcases.LoginTestSeeker" time="0">
    <skipped message="com/relevantcodes/extentreports/ExtentReports"/>
    <system-out><![CDATA[connected by poi..
2 , 9
]]></system-out>
  </testcase>
  <testcase name="test" classname="testcases.LoginTestSeeker" time="0">
    <skipped message="com/relevantcodes/extentreports/ExtentReports"/>
  </testcase>
  <testcase name="test" classname="testcases.LoginTestSeeker" time="0">
    <skipped message="com/relevantcodes/extentreports/ExtentReports"/>
  </testcase>
  <testcase name="test" classname="testcases.LoginTestSeeker" time="0">
    <skipped message="com/relevantcodes/extentreports/ExtentReports"/>
  </testcase>
  <testcase name="test" classname="testcases.LoginTestSeeker" time="0">
    <skipped message="com/relevantcodes/extentreports/ExtentReports"/>
  </testcase>
  <testcase name="test" classname="testcases.LoginTestSeeker" time="0">
    <skipped message="com/relevantcodes/extentreports/ExtentReports"/>
  </testcase>
  <testcase name="test" classname="testcases.LoginTestSeeker" time="0">
    <skipped message="com/relevantcodes/extentreports/ExtentReports"/>
  </testcase>
  <testcase name="test" classname="testcases.LoginTestSeeker" time="0">
    <skipped message="com/relevantcodes/extentreports/ExtentReports"/>
  </testcase>
  <testcase name="test" classname="testcases.LoginTestSeeker" time="0">
    <skipped message="com/relevantcodes/extentreports/ExtentReports"/>
  </testcase>
  <testcase name="afterTest" classname="testcases.LoginTestSeeker" time="0">
    <skipped/>
  </testcase>
  <testcase name="beforeTest" classname="testcases.LoginTestProvider" time="2.025">
    <failure message="com/relevantcodes/extentreports/ExtentReports" type="java.lang.NoClassDefFoundError"><![CDATA[java.lang.NoClassDefFoundError: com/relevantcodes/extentreports/ExtentReports
]]></failure>
  </testcase>
  <testcase name="test" classname="testcases.LoginTestProvider" time="0">
    <skipped message="com/relevantcodes/extentreports/ExtentReports"/>
    <system-out><![CDATA[connected by poi..
2 , 3
]]></system-out>
  </testcase>
  <testcase name="test" classname="testcases.LoginTestProvider" time="0">
    <skipped message="com/relevantcodes/extentreports/ExtentReports"/>
  </testcase>
  <testcase name="test" classname="testcases.LoginTestProvider" time="0">
    <skipped message="com/relevantcodes/extentreports/ExtentReports"/>
  </testcase>
  <testcase name="afterTest" classname="testcases.LoginTestProvider" time="0">
    <skipped/>
  </testcase>
</testsuite>