<?xml version="1.0" encoding="UTF-8"?>
<!-- Generated by org.testng.reporters.JUnitReportReporter -->
<testsuite hostname="Piyush" name="testcases.LoginTestSeeker" tests="9" failures="0" timestamp="23 Oct 2020 05:25:52 GMT" time="4.194" errors="0">
  <testcase name="test" time="0.645" classname="testcases.LoginTestSeeker"/>
  <testcase name="test" time="0.255" classname="testcases.LoginTestSeeker"/>
  <testcase name="test" time="0.489" classname="testcases.LoginTestSeeker"/>
  <testcase name="test" time="0.539" classname="testcases.LoginTestSeeker"/>
  <testcase name="test" time="0.256" classname="testcases.LoginTestSeeker"/>
  <testcase name="test" time="0.264" classname="testcases.LoginTestSeeker"/>
  <testcase name="test" time="0.794" classname="testcases.LoginTestSeeker"/>
  <testcase name="test" time="0.229" classname="testcases.LoginTestSeeker"/>
  <testcase name="test" time="0.723" classname="testcases.LoginTestSeeker"/>
</testsuite> <!-- testcases.LoginTestSeeker -->
