<?xml version="1.0" encoding="UTF-8"?>
<!-- Generated by org.testng.reporters.JUnitReportReporter -->
<testsuite hostname="Piyush" name="testcases.LoginTestProvider" tests="3" failures="0" timestamp="23 Oct 2020 05:25:52 GMT" time="0.875" errors="0">
  <testcase name="test" time="0.369" classname="testcases.LoginTestProvider"/>
  <testcase name="test" time="0.284" classname="testcases.LoginTestProvider"/>
  <testcase name="test" time="0.222" classname="testcases.LoginTestProvider"/>
</testsuite> <!-- testcases.LoginTestProvider -->
